d:\project\pemgem\letsmakeagame-master\twitch\debug\vc141.pdb
d:\project\pemgem\letsmakeagame-master\twitch\debug\vc141.idb
d:\project\pemgem\letsmakeagame-master\twitch\debug\twitch.obj
d:\project\pemgem\letsmakeagame-master\twitch\debug\pipemanager.obj
d:\project\pemgem\letsmakeagame-master\twitch\debug\pipe.obj
d:\project\pemgem\letsmakeagame-master\twitch\debug\gamemanager.obj
d:\project\pemgem\letsmakeagame-master\twitch\debug\flapper.obj
d:\project\pemgem\letsmakeagame-master\twitch\debug\rigidbody.obj
d:\project\pemgem\letsmakeagame-master\twitch\debug\vector3.obj
d:\project\pemgem\letsmakeagame-master\twitch\debug\rect.obj
d:\project\pemgem\letsmakeagame-master\twitch\debug\math.obj
d:\project\pemgem\letsmakeagame-master\twitch\debug\mouse.obj
d:\project\pemgem\letsmakeagame-master\twitch\debug\keyboard.obj
d:\project\pemgem\letsmakeagame-master\twitch\debug\texture.obj
d:\project\pemgem\letsmakeagame-master\twitch\debug\sprite.obj
d:\project\pemgem\letsmakeagame-master\twitch\debug\engine.obj
d:\project\pemgem\letsmakeagame-master\twitch\debug\obstacle.obj
d:\project\pemgem\letsmakeagame-master\debug\twitch.exe
d:\project\pemgem\letsmakeagame-master\debug\twitch.ilk
d:\project\pemgem\letsmakeagame-master\debug\twitch.pdb
d:\project\pemgem\letsmakeagame-master\twitch\debug\twitch.tlog\cl.command.1.tlog
d:\project\pemgem\letsmakeagame-master\twitch\debug\twitch.tlog\cl.read.1.tlog
d:\project\pemgem\letsmakeagame-master\twitch\debug\twitch.tlog\cl.write.1.tlog
d:\project\pemgem\letsmakeagame-master\twitch\debug\twitch.tlog\link.command.1.tlog
d:\project\pemgem\letsmakeagame-master\twitch\debug\twitch.tlog\link.read.1.tlog
d:\project\pemgem\letsmakeagame-master\twitch\debug\twitch.tlog\link.write.1.tlog
