  Twitch.cpp
c:\program files (x86)\windows kits\10\include\10.0.16299.0\shared\minwindef.h(130): warning C4005: 'APIENTRY': macro redefinition
  e:\materi kuliah\smt 6\pgame\backup\back_up\letsmakeagame-master\packages\nupengl.core.0.1.0.1\build\native\include\glfw\glfw3.h(92): note: see previous definition of 'APIENTRY'
e:\materi kuliah\smt 6\pgame\backup\back_up\letsmakeagame-master\twitch\twitch.cpp(15): warning C4244: 'argument': conversion from 'time_t' to 'unsigned int', possible loss of data
  PipeManager.cpp
c:\program files (x86)\windows kits\10\include\10.0.16299.0\shared\minwindef.h(130): warning C4005: 'APIENTRY': macro redefinition
  e:\materi kuliah\smt 6\pgame\backup\back_up\letsmakeagame-master\packages\nupengl.core.0.1.0.1\build\native\include\glfw\glfw3.h(92): note: see previous definition of 'APIENTRY'
e:\materi kuliah\smt 6\pgame\backup\back_up\letsmakeagame-master\twitch\flappytwitch\pipemanager.cpp(123): warning C4244: 'initializing': conversion from 'int' to 'float', possible loss of data
e:\materi kuliah\smt 6\pgame\backup\back_up\letsmakeagame-master\twitch\flappytwitch\pipemanager.cpp(125): warning C4244: 'argument': conversion from 'int' to 'float', possible loss of data
e:\materi kuliah\smt 6\pgame\backup\back_up\letsmakeagame-master\twitch\flappytwitch\pipemanager.cpp(132): warning C4244: 'initializing': conversion from 'int' to 'float', possible loss of data
e:\materi kuliah\smt 6\pgame\backup\back_up\letsmakeagame-master\twitch\flappytwitch\pipemanager.cpp(134): warning C4244: 'argument': conversion from 'int' to 'float', possible loss of data
  Pipe.cpp
  GameManager.cpp
c:\program files (x86)\windows kits\10\include\10.0.16299.0\shared\minwindef.h(130): warning C4005: 'APIENTRY': macro redefinition
  e:\materi kuliah\smt 6\pgame\backup\back_up\letsmakeagame-master\packages\nupengl.core.0.1.0.1\build\native\include\glfw\glfw3.h(92): note: see previous definition of 'APIENTRY'
e:\materi kuliah\smt 6\pgame\backup\back_up\letsmakeagame-master\twitch\flappytwitch\gamemanager.cpp(15): warning C4244: 'argument': conversion from 'int' to 'float', possible loss of data
e:\materi kuliah\smt 6\pgame\backup\back_up\letsmakeagame-master\twitch\flappytwitch\gamemanager.cpp(21): warning C4244: 'argument': conversion from 'int' to 'float', possible loss of data
e:\materi kuliah\smt 6\pgame\backup\back_up\letsmakeagame-master\twitch\flappytwitch\gamemanager.cpp(22): warning C4244: 'argument': conversion from 'int' to 'float', possible loss of data
e:\materi kuliah\smt 6\pgame\backup\back_up\letsmakeagame-master\twitch\flappytwitch\gamemanager.cpp(23): warning C4244: 'argument': conversion from 'int' to 'float', possible loss of data
  Flapper.cpp
c:\program files (x86)\windows kits\10\include\10.0.16299.0\shared\minwindef.h(130): warning C4005: 'APIENTRY': macro redefinition
  e:\materi kuliah\smt 6\pgame\backup\back_up\letsmakeagame-master\packages\nupengl.core.0.1.0.1\build\native\include\glfw\glfw3.h(92): note: see previous definition of 'APIENTRY'
e:\materi kuliah\smt 6\pgame\backup\back_up\letsmakeagame-master\twitch\flappytwitch\flapper.cpp(24): warning C4305: 'argument': truncation from 'double' to 'float'
e:\materi kuliah\smt 6\pgame\backup\back_up\letsmakeagame-master\twitch\flappytwitch\flapper.cpp(70): warning C4244: 'argument': conversion from 'int' to 'float', possible loss of data
  Rigidbody.cpp
  Vector3.cpp
  Rect.cpp
  Math.cpp
  Mouse.cpp
  Keyboard.cpp
  Texture.cpp
  Sprite.cpp
  Engine.cpp
c:\program files (x86)\windows kits\10\include\10.0.16299.0\shared\minwindef.h(130): warning C4005: 'APIENTRY': macro redefinition
  e:\materi kuliah\smt 6\pgame\backup\back_up\letsmakeagame-master\packages\nupengl.core.0.1.0.1\build\native\include\glfw\glfw3.h(92): note: see previous definition of 'APIENTRY'
  Generating Code...
SOIL.lib(image_DXT.obj) : warning LNK4099: PDB 'vc120.pdb' was not found with 'SOIL.lib(image_DXT.obj)' or at 'E:\MATERI KULIAH\Smt 6\PGAME\Backup\back_up\LetsMakeAGame-master\Debug\vc120.pdb'; linking object as if no debug info
SOIL.lib(image_helper.obj) : warning LNK4099: PDB 'vc120.pdb' was not found with 'SOIL.lib(image_helper.obj)' or at 'E:\MATERI KULIAH\Smt 6\PGAME\Backup\back_up\LetsMakeAGame-master\Debug\vc120.pdb'; linking object as if no debug info
SOIL.lib(SOIL.obj) : warning LNK4099: PDB 'vc120.pdb' was not found with 'SOIL.lib(SOIL.obj)' or at 'E:\MATERI KULIAH\Smt 6\PGAME\Backup\back_up\LetsMakeAGame-master\Debug\vc120.pdb'; linking object as if no debug info
SOIL.lib(stb_image_aug.obj) : warning LNK4099: PDB 'vc120.pdb' was not found with 'SOIL.lib(stb_image_aug.obj)' or at 'E:\MATERI KULIAH\Smt 6\PGAME\Backup\back_up\LetsMakeAGame-master\Debug\vc120.pdb'; linking object as if no debug info
  Twitch.vcxproj -> E:\MATERI KULIAH\Smt 6\PGAME\Backup\back_up\LetsMakeAGame-master\Debug\Twitch.exe
